{"meta": {"format": 3, "version": "7.11.0", "timestamp": "2026-08-31T09:54:14.168218", "branch_coverage": false, "show_contexts": false}, "files": {"app\\__init__.py": {"executed_lines": [1, 5, 6, 7, 10, 15, 20, 23, 24, 25, 26, 27, 28, 29, 31, 32, 33, 34, 35, 37, 38, 40, 41, 42, 44, 45, 46, 48], "summary": {"covered_lines": 27, "num_statements": 27, "percent_covered": 100.0, "percent_covered_display": "100", "missing_lines": 0, "excluded_lines": 0}, "missing_lines": [], "excluded_lines": [], "functions": {"create_app": {"executed_lines": [15, 20, 23, 24, 25, 26, 27, 28, 29, 31, 32, 33, 34, 35, 37, 38, 40, 41, 42, 44, 45, 46, 48], "summary": {"covered_lines": 23, "num_statements": 23, "percent_covered": 100.0, "percent_covered_display": "100", "missing_lines": 0, "excluded_lines": 0}, "missing_lines": [], "excluded_lines": []}, "": {"executed_lines": [1, 5, 6, 7, 10], "summary": {"covered_lines": 4, "num_statements": 4, "percent_covered": 100.0, "percent_covered_display": "100", "missing_lines": 0, "excluded_lines": 0}, "missing_lines": [], "excluded_lines": []}}, "classes": {"": {"executed_lines": [1, 5, 6, 7, 10, 15, 20, 23, 24, 25, 26, 27, 28, 29, 31, 32, 33, 34, 35, 37, 38, 40, 41, 42, 44, 45, 46, 48], "summary": {"covered_lines": 27, "num_statements": 27, "percent_covered": 100.0, "percent_covered_display": "100", "missing_lines": 0, "excluded_lines": 0}, "missing_lines": [], "excluded_lines": []}}}, "app\\routes\\__init__.py": {"executed_lines": [1, 4, 5, 6, 8], "summary": {"covered_lines": 4, "num_statements": 4, "percent_covered": 100.0, "percent_covered_display": "100", "missing_lines": 0, "excluded_lines": 0}, "missing_lines": [], "excluded_lines": [], "functions": {"": {"executed_lines": [1, 4, 5, 6, 8], "summary": {"covered_lines": 4, "num_statements": 4, "percent_covered": 100.0, "percent_covered_display": "100", "missing_lines": 0, "excluded_lines": 0}, "missing_lines": [], "excluded_lines": []}}, "classes": {"": {"executed_lines": [1, 4, 5, 6, 8], "summary": {"covered_lines": 4, "num_statements": 4, "percent_covered": 100.0, "percent_covered_display": "100", "missing_lines": 0, "excluded_lines": 0}, "missing_lines": [], "excluded_lines": []}}}, "app\\routes\\api.py": {"executed_lines": [1, 6, 7, 9, 12, 13, 16, 17, 20, 21, 24, 25, 27, 28, 30, 31, 33, 34, 37, 38, 40, 41, 42, 44, 45, 46, 49, 50, 52, 54, 55, 56, 57, 58, 59, 61, 62, 65, 66, 68, 70, 71, 72, 74, 75, 77, 84, 85, 87, 89, 90, 93, 94, 96, 97, 98, 99, 101, 103, 104, 106, 108, 109, 111, 112, 113, 115, 116, 117, 119, 120, 122, 123, 125, 126, 128, 129, 132, 134, 137, 138, 140, 143, 144, 145, 149, 150, 157, 160, 161, 163, 173, 175, 177, 180, 181, 182, 185, 187, 192, 194, 197, 198, 199, 201, 202, 203, 204, 205, 207, 211, 212, 219, 223, 229, 230, 232, 233, 235, 236, 238, 239, 240, 242, 243, 244, 245, 246, 247, 248, 249, 251, 252, 253, 254, 255, 256, 257, 258, 259, 260, 261, 262, 263, 264, 266, 267, 268, 269, 270, 271, 272, 274, 275, 276, 277, 279, 282, 283, 289, 290, 292, 294, 295, 296, 298, 299, 300, 302, 305, 306, 308, 309, 310, 312, 313, 314, 317, 318, 320, 321, 322, 324, 325, 327, 328, 330, 333, 334, 336, 337, 339, 340, 342, 343, 344, 345, 354, 355, 357, 358, 360, 361, 362, 370, 371, 375, 376, 377, 378, 379, 381, 382, 383, 384, 385, 387, 389, 391, 399, 406, 407, 409, 410, 411, 412, 414, 415, 416, 417, 419, 420, 423, 429, 430, 436, 442, 443, 445, 446, 447, 448, 450, 451, 452, 453, 454, 456, 457, 459, 465, 466, 467, 468, 470, 473, 480, 481, 482, 483, 485, 486, 496, 502, 503, 505, 506, 507, 508, 509, 511, 513, 519, 528, 529, 531, 533, 534, 535, 536, 538, 539, 541, 542, 543, 544, 545, 547, 548, 549, 550, 552, 553, 554, 555, 557, 558, 559, 560, 561, 563, 564, 566, 576, 577, 578, 581, 583, 584, 585, 586, 587, 589, 597, 598, 605, 606, 608, 609, 610, 611, 612, 613, 614, 615, 617, 619, 622, 628, 629, 630, 631, 632, 634, 636, 639, 647, 653, 654, 658, 659, 660, 662, 663, 665, 666, 668, 669, 670, 672, 675, 685, 687, 688, 691, 692, 696, 697, 698, 699, 701, 702, 704, 705, 706, 707, 708, 710, 712, 722, 728, 738, 739, 742, 743, 747, 748, 749, 751, 752, 753, 755, 756, 758, 759, 761, 771, 772, 774, 775, 776, 777, 779, 780, 782, 783, 784, 786, 787, 789, 790, 791, 792, 794, 796, 805, 806, 808, 809, 810, 812, 813, 815, 816, 817, 819, 820, 821, 823, 832, 833, 835, 836, 838, 839, 840, 842, 843, 845, 846, 848, 849, 851, 865, 866, 868, 869, 871, 872, 873, 875, 876, 878, 880, 881, 883], "summary": {"covered_lines": 445, "num_statements": 493, "percent_covered": 90.26369168356997, "percent_covered_display": "90", "missing_lines": 48, "excluded_lines": 0}, "missing_lines": [130, 135, 141, 146, 147, 158, 169, 170, 178, 183, 188, 189, 190, 195, 220, 221, 225, 226, 280, 285, 286, 350, 351, 366, 367, 471, 488, 498, 499, 580, 620, 637, 649, 650, 673, 677, 679, 686, 767, 768, 801, 802, 828, 829, 861, 862, 888, 889], "excluded_lines": [], "functions": {"get_db": {"executed_lines": [13], "summary": {"covered_lines": 1, "num_statements": 1, "percent_covered": 100.0, "percent_covered_display": "100", "missing_lines": 0, "excluded_lines": 0}, "missing_lines": [], "excluded_lines": []}, "error_response": {"executed_lines": [17], "summary": {"covered_lines": 1, "num_statements": 1, "percent_covered": 100.0, "percent_covered_display": "100", "missing_lines": 0, "excluded_lines": 0}, "missing_lines": [], "excluded_lines": []}, "success_response": {"executed_lines": [21], "summary": {"covered_lines": 1, "num_statements": 1, "percent_covered": 100.0, "percent_covered_display": "100", "missing_lines": 0, "excluded_lines": 0}, "missing_lines": [], "excluded_lines": []}, "set_current_file": {"executed_lines": [27, 28, 30, 31, 33, 34], "summary": {"covered_lines": 6, "num_statements": 6, "percent_covered": 100.0, "percent_covered_display": "100", "missing_lines": 0, "excluded_lines": 0}, "missing_lines": [], "excluded_lines": []}, "get_current_file": {"executed_lines": [40, 41, 42, 44, 45, 46], "summary": {"covered_lines": 6, "num_statements": 6, "percent_covered": 100.0, "percent_covered_display": "100", "missing_lines": 0, "excluded_lines": 0}, "missing_lines": [], "excluded_lines": []}, "settings": {"executed_lines": [52, 54, 55, 56, 57, 58, 59, 61, 62], "summary": {"covered_lines": 9, "num_statements": 9, "percent_covered": 100.0, "percent_covered_display": "100", "missing_lines": 0, "excluded_lines": 0}, "missing_lines": [], "excluded_lines": []}, "files_list": {"executed_lines": [68, 70, 71, 72, 74, 75, 77, 84, 85, 87, 89, 90], "summary": {"covered_lines": 12, "num_statements": 12, "percent_covered": 100.0, "percent_covered_display": "100", "missing_lines": 0, "excluded_lines": 0}, "missing_lines": [], "excluded_lines": []}, "upload_file": {"executed_lines": [96, 97, 98, 99, 101, 103, 104, 106, 108, 109, 111, 112, 113, 115, 116, 117, 119, 120, 122, 123, 125, 126, 128, 129, 132, 134, 137, 138, 140, 143, 144, 145, 149, 150, 157, 160, 161, 163], "summary": {"covered_lines": 38, "num_statements": 46, "percent_covered": 82.6086956521739, "percent_covered_display": "83", "missing_lines": 8, "excluded_lines": 0}, "missing_lines": [130, 135, 141, 146, 147, 158, 169, 170], "excluded_lines": []}, "parse_dtf_file": {"executed_lines": [175, 177, 180, 181, 182, 185, 187, 192, 194, 197, 198, 199, 201, 202, 203, 204, 205, 207, 211, 212, 219, 223], "summary": {"covered_lines": 22, "num_statements": 32, "percent_covered": 68.75, "percent_covered_display": "69", "missing_lines": 10, "excluded_lines": 0}, "missing_lines": [178, 183, 188, 189, 190, 195, 220, 221, 225, 226], "excluded_lines": []}, "get_guide": {"executed_lines": [232, 233, 235, 236, 238, 239, 240, 242, 243, 244, 245, 246, 247, 248, 249, 251, 252, 253, 254, 255, 256, 257, 258, 259, 260, 261, 262, 263, 264, 266, 267, 268, 269, 270, 271, 272, 274, 275, 276, 277, 279, 282, 283], "summary": {"covered_lines": 43, "num_statements": 46, "percent_covered": 93.47826086956522, "percent_covered_display": "93", "missing_lines": 3, "excluded_lines": 0}, "missing_lines": [280, 285, 286], "excluded_lines": []}, "file_detail": {"executed_lines": [292, 294, 295, 296, 298, 299, 300, 302], "summary": {"covered_lines": 8, "num_statements": 8, "percent_covered": 100.0, "percent_covered_display": "100", "missing_lines": 0, "excluded_lines": 0}, "missing_lines": [], "excluded_lines": []}, "get_points": {"executed_lines": [308, 309, 310, 312, 313, 314], "summary": {"covered_lines": 6, "num_statements": 6, "percent_covered": 100.0, "percent_covered_display": "100", "missing_lines": 0, "excluded_lines": 0}, "missing_lines": [], "excluded_lines": []}, "save_points": {"executed_lines": [320, 321, 322, 324, 325, 327, 328, 330], "summary": {"covered_lines": 8, "num_statements": 8, "percent_covered": 100.0, "percent_covered_display": "100", "missing_lines": 0, "excluded_lines": 0}, "missing_lines": [], "excluded_lines": []}, "calculate_area": {"executed_lines": [336, 337, 339, 340, 342, 343, 344, 345], "summary": {"covered_lines": 8, "num_statements": 10, "percent_covered": 80.0, "percent_covered_display": "80", "missing_lines": 2, "excluded_lines": 0}, "missing_lines": [350, 351], "excluded_lines": []}, "calculate_perimeter": {"executed_lines": [357, 358, 360, 361, 362], "summary": {"covered_lines": 5, "num_statements": 7, "percent_covered": 71.42857142857143, "percent_covered_display": "71", "missing_lines": 2, "excluded_lines": 0}, "missing_lines": [366, 367], "excluded_lines": []}, "calculate_polar": {"executed_lines": [375, 376, 377, 378, 379, 381, 382, 383, 384, 385, 387, 389, 391, 399], "summary": {"covered_lines": 14, "num_statements": 14, "percent_covered": 100.0, "percent_covered_display": "100", "missing_lines": 0, "excluded_lines": 0}, "missing_lines": [], "excluded_lines": []}, "calculate_offsets": {"executed_lines": [409, 410, 411, 412, 414, 415, 416, 417, 419, 420, 423, 429, 430, 436], "summary": {"covered_lines": 14, "num_statements": 14, "percent_covered": 100.0, "percent_covered_display": "100", "missing_lines": 0, "excluded_lines": 0}, "missing_lines": [], "excluded_lines": []}, "calculate_intersection": {"executed_lines": [445, 446, 447, 448, 450, 451, 452, 453, 454, 456, 457, 459, 465, 466, 467, 468, 470, 473, 480, 481, 482, 483, 485, 486, 496], "summary": {"covered_lines": 25, "num_statements": 29, "percent_covered": 86.20689655172414, "percent_covered_display": "86", "missing_lines": 4, "excluded_lines": 0}, "missing_lines": [471, 488, 498, 499], "excluded_lines": []}, "calculate_implant": {"executed_lines": [505, 506, 507, 508, 509, 511, 513, 519], "summary": {"covered_lines": 8, "num_statements": 8, "percent_covered": 100.0, "percent_covered_display": "100", "missing_lines": 0, "excluded_lines": 0}, "missing_lines": [], "excluded_lines": []}, "calculate_circle": {"executed_lines": [531, 533, 534, 535, 536, 538, 539, 541, 542, 543, 544, 545, 547, 548, 549, 550, 552, 553, 554, 555, 557, 558, 559, 560, 561, 563, 564, 566, 576, 577, 578, 581, 583, 584, 585, 586, 587, 589], "summary": {"covered_lines": 38, "num_statements": 39, "percent_covered": 97.43589743589743, "percent_covered_display": "97", "missing_lines": 1, "excluded_lines": 0}, "missing_lines": [580], "excluded_lines": []}, "calculate_resection": {"executed_lines": [605, 606, 608, 609, 610, 611, 612, 613, 614, 615, 617, 619, 622, 628, 629, 630, 631, 632, 634, 636, 639, 647], "summary": {"covered_lines": 22, "num_statements": 26, "percent_covered": 84.61538461538461, "percent_covered_display": "85", "missing_lines": 4, "excluded_lines": 0}, "missing_lines": [620, 637, 649, 650], "excluded_lines": []}, "calculate_interpolation": {"executed_lines": [658, 659, 660, 662, 663, 665, 666, 668, 669, 670, 672, 675, 685, 687, 688], "summary": {"covered_lines": 15, "num_statements": 19, "percent_covered": 78.94736842105263, "percent_covered_display": "79", "missing_lines": 4, "excluded_lines": 0}, "missing_lines": [673, 677, 679, 686], "excluded_lines": []}, "calculate_traverse": {"executed_lines": [696, 697, 698, 699, 701, 702, 704, 705, 706, 707, 708, 710, 712, 722, 728, 738, 739], "summary": {"covered_lines": 17, "num_statements": 17, "percent_covered": 100.0, "percent_covered_display": "100", "missing_lines": 0, "excluded_lines": 0}, "missing_lines": [], "excluded_lines": []}, "calculate_freenumbers": {"executed_lines": [747, 748, 749, 751, 752, 753, 755, 756, 758, 759, 761], "summary": {"covered_lines": 11, "num_statements": 13, "percent_covered": 84.61538461538461, "percent_covered_display": "85", "missing_lines": 2, "excluded_lines": 0}, "missing_lines": [767, 768], "excluded_lines": []}, "print_coordinates": {"executed_lines": [774, 775, 776, 777, 779, 780, 782, 783, 784, 786, 787, 789, 790, 791, 792, 794, 796], "summary": {"covered_lines": 17, "num_statements": 19, "percent_covered": 89.47368421052632, "percent_covered_display": "89", "missing_lines": 2, "excluded_lines": 0}, "missing_lines": [801, 802], "excluded_lines": []}, "print_freenumbers": {"executed_lines": [808, 809, 810, 812, 813, 815, 816, 817, 819, 820, 821, 823], "summary": {"covered_lines": 12, "num_statements": 14, "percent_covered": 85.71428571428571, "percent_covered_display": "86", "missing_lines": 2, "excluded_lines": 0}, "missing_lines": [828, 829], "excluded_lines": []}, "print_gridlimits": {"executed_lines": [835, 836, 838, 839, 840, 842, 843, 845, 846, 848, 849, 851], "summary": {"covered_lines": 12, "num_statements": 14, "percent_covered": 85.71428571428571, "percent_covered_display": "86", "missing_lines": 2, "excluded_lines": 0}, "missing_lines": [861, 862], "excluded_lines": []}, "print_draw": {"executed_lines": [868, 869, 871, 872, 873, 875, 876, 878, 880, 881, 883], "summary": {"covered_lines": 11, "num_statements": 13, "percent_covered": 84.61538461538461, "percent_covered_display": "85", "missing_lines": 2, "excluded_lines": 0}, "missing_lines": [888, 889], "excluded_lines": []}, "": {"executed_lines": [1, 6, 7, 9, 12, 16, 20, 24, 25, 37, 38, 49, 50, 65, 66, 93, 94, 173, 229, 230, 289, 290, 305, 306, 317, 318, 333, 334, 354, 355, 370, 371, 406, 407, 442, 443, 502, 503, 528, 529, 597, 598, 653, 654, 691, 692, 742, 743, 771, 772, 805, 806, 832, 833, 865, 866], "summary": {"covered_lines": 55, "num_statements": 55, "percent_covered": 100.0, "percent_covered_display": "100", "missing_lines": 0, "excluded_lines": 0}, "missing_lines": [], "excluded_lines": []}}, "classes": {"": {"executed_lines": [1, 6, 7, 9, 12, 13, 16, 17, 20, 21, 24, 25, 27, 28, 30, 31, 33, 34, 37, 38, 40, 41, 42, 44, 45, 46, 49, 50, 52, 54, 55, 56, 57, 58, 59, 61, 62, 65, 66, 68, 70, 71, 72, 74, 75, 77, 84, 85, 87, 89, 90, 93, 94, 96, 97, 98, 99, 101, 103, 104, 106, 108, 109, 111, 112, 113, 115, 116, 117, 119, 120, 122, 123, 125, 126, 128, 129, 132, 134, 137, 138, 140, 143, 144, 145, 149, 150, 157, 160, 161, 163, 173, 175, 177, 180, 181, 182, 185, 187, 192, 194, 197, 198, 199, 201, 202, 203, 204, 205, 207, 211, 212, 219, 223, 229, 230, 232, 233, 235, 236, 238, 239, 240, 242, 243, 244, 245, 246, 247, 248, 249, 251, 252, 253, 254, 255, 256, 257, 258, 259, 260, 261, 262, 263, 264, 266, 267, 268, 269, 270, 271, 272, 274, 275, 276, 277, 279, 282, 283, 289, 290, 292, 294, 295, 296, 298, 299, 300, 302, 305, 306, 308, 309, 310, 312, 313, 314, 317, 318, 320, 321, 322, 324, 325, 327, 328, 330, 333, 334, 336, 337, 339, 340, 342, 343, 344, 345, 354, 355, 357, 358, 360, 361, 362, 370, 371, 375, 376, 377, 378, 379, 381, 382, 383, 384, 385, 387, 389, 391, 399, 406, 407, 409, 410, 411, 412, 414, 415, 416, 417, 419, 420, 423, 429, 430, 436, 442, 443, 445, 446, 447, 448, 450, 451, 452, 453, 454, 456, 457, 459, 465, 466, 467, 468, 470, 473, 480, 481, 482, 483, 485, 486, 496, 502, 503, 505, 506, 507, 508, 509, 511, 513, 519, 528, 529, 531, 533, 534, 535, 536, 538, 539, 541, 542, 543, 544, 545, 547, 548, 549, 550, 552, 553, 554, 555, 557, 558, 559, 560, 561, 563, 564, 566, 576, 577, 578, 581, 583, 584, 585, 586, 587, 589, 597, 598, 605, 606, 608, 609, 610, 611, 612, 613, 614, 615, 617, 619, 622, 628, 629, 630, 631, 632, 634, 636, 639, 647, 653, 654, 658, 659, 660, 662, 663, 665, 666, 668, 669, 670, 672, 675, 685, 687, 688, 691, 692, 696, 697, 698, 699, 701, 702, 704, 705, 706, 707, 708, 710, 712, 722, 728, 738, 739, 742, 743, 747, 748, 749, 751, 752, 753, 755, 756, 758, 759, 761, 771, 772, 774, 775, 776, 777, 779, 780, 782, 783, 784, 786, 787, 789, 790, 791, 792, 794, 796, 805, 806, 808, 809, 810, 812, 813, 815, 816, 817, 819, 820, 821, 823, 832, 833, 835, 836, 838, 839, 840, 842, 843, 845, 846, 848, 849, 851, 865, 866, 868, 869, 871, 872, 873, 875, 876, 878, 880, 881, 883], "summary": {"covered_lines": 445, "num_statements": 493, "percent_covered": 90.26369168356997, "percent_covered_display": "90", "missing_lines": 48, "excluded_lines": 0}, "missing_lines": [130, 135, 141, 146, 147, 158, 169, 170, 178, 183, 188, 189, 190, 195, 220, 221, 225, 226, 280, 285, 286, 350, 351, 366, 367, 471, 488, 498, 499, 580, 620, 637, 649, 650, 673, 677, 679, 686, 767, 768, 801, 802, 828, 829, 861, 862, 888, 889], "excluded_lines": []}}}, "app\\routes\\files.py": {"executed_lines": [1, 4, 6, 9, 10, 12, 14, 15, 18, 19, 21, 22, 24, 25, 26, 27, 28, 30, 31, 33, 40, 41, 43, 44, 46, 49, 50, 52, 54, 55, 56, 58, 60, 62, 67, 68, 70, 71, 73, 75, 76, 78], "summary": {"covered_lines": 41, "num_statements": 41, "percent_covered": 100.0, "percent_covered_display": "100", "missing_lines": 0, "excluded_lines": 0}, "missing_lines": [], "excluded_lines": [], "functions": {"list_files": {"executed_lines": [12, 14, 15], "summary": {"covered_lines": 3, "num_statements": 3, "percent_covered": 100.0, "percent_covered_display": "100", "missing_lines": 0, "excluded_lines": 0}, "missing_lines": [], "excluded_lines": []}, "new_file": {"executed_lines": [21, 22, 24, 25, 26, 27, 28, 30, 31, 33, 40, 41, 43, 44, 46], "summary": {"covered_lines": 15, "num_statements": 15, "percent_covered": 100.0, "percent_covered_display": "100", "missing_lines": 0, "excluded_lines": 0}, "missing_lines": [], "excluded_lines": []}, "view_file": {"executed_lines": [52, 54, 55, 56, 58, 60, 62], "summary": {"covered_lines": 7, "num_statements": 7, "percent_covered": 100.0, "percent_covered_display": "100", "missing_lines": 0, "excluded_lines": 0}, "missing_lines": [], "excluded_lines": []}, "delete_file": {"executed_lines": [70, 71, 73, 75, 76, 78], "summary": {"covered_lines": 6, "num_statements": 6, "percent_covered": 100.0, "percent_covered_display": "100", "missing_lines": 0, "excluded_lines": 0}, "missing_lines": [], "excluded_lines": []}, "": {"executed_lines": [1, 4, 6, 9, 10, 18, 19, 49, 50, 67, 68], "summary": {"covered_lines": 10, "num_statements": 10, "percent_covered": 100.0, "percent_covered_display": "100", "missing_lines": 0, "excluded_lines": 0}, "missing_lines": [], "excluded_lines": []}}, "classes": {"": {"executed_lines": [1, 4, 6, 9, 10, 12, 14, 15, 18, 19, 21, 22, 24, 25, 26, 27, 28, 30, 31, 33, 40, 41, 43, 44, 46, 49, 50, 52, 54, 55, 56, 58, 60, 62, 67, 68, 70, 71, 73, 75, 76, 78], "summary": {"covered_lines": 41, "num_statements": 41, "percent_covered": 100.0, "percent_covered_display": "100", "missing_lines": 0, "excluded_lines": 0}, "missing_lines": [], "excluded_lines": []}}}, "app\\routes\\main.py": {"executed_lines": [1, 5, 6, 7, 9, 12, 14, 15, 16, 19, 21, 22, 23, 24, 27, 29, 30, 31, 32, 35, 36, 38, 43, 44, 46, 47, 48, 49, 59, 60, 62, 63, 66, 67, 69, 70, 71, 72, 75, 76, 78, 79, 82, 83, 85, 88, 89, 91, 94, 95, 97, 98, 101, 102, 104, 105, 108, 109, 111, 112, 113, 116, 117, 119, 120, 121, 124, 125, 127, 128, 131, 132, 134, 135, 136, 139, 140, 142, 143, 144, 145, 155, 156, 158, 159, 161, 162, 163, 165, 166, 167, 168, 169, 170, 171, 172, 173, 174, 175, 176, 177, 178, 179, 180, 182], "summary": {"covered_lines": 104, "num_statements": 106, "percent_covered": 98.11320754716981, "percent_covered_display": "98", "missing_lines": 2, "excluded_lines": 0}, "missing_lines": [183, 184], "excluded_lines": [], "functions": {"get_settings": {"executed_lines": [14, 15, 16], "summary": {"covered_lines": 3, "num_statements": 3, "percent_covered": 100.0, "percent_covered_display": "100", "missing_lines": 0, "excluded_lines": 0}, "missing_lines": [], "excluded_lines": []}, "get_current_file_info": {"executed_lines": [21, 22, 23, 24], "summary": {"covered_lines": 4, "num_statements": 4, "percent_covered": 100.0, "percent_covered_display": "100", "missing_lines": 0, "excluded_lines": 0}, "missing_lines": [], "excluded_lines": []}, "get_current_points": {"executed_lines": [29, 30, 31, 32], "summary": {"covered_lines": 4, "num_statements": 4, "percent_covered": 100.0, "percent_covered_display": "100", "missing_lines": 0, "excluded_lines": 0}, "missing_lines": [], "excluded_lines": []}, "index": {"executed_lines": [38], "summary": {"covered_lines": 1, "num_statements": 1, "percent_covered": 100.0, "percent_covered_display": "100", "missing_lines": 0, "excluded_lines": 0}, "missing_lines": [], "excluded_lines": []}, "mas_menu": {"executed_lines": [46, 47, 48, 49], "summary": {"covered_lines": 4, "num_statements": 4, "percent_covered": 100.0, "percent_covered_display": "100", "missing_lines": 0, "excluded_lines": 0}, "missing_lines": [], "excluded_lines": []}, "work_mode": {"executed_lines": [62, 63], "summary": {"covered_lines": 2, "num_statements": 2, "percent_covered": 100.0, "percent_covered_display": "100", "missing_lines": 0, "excluded_lines": 0}, "missing_lines": [], "excluded_lines": []}, "polar": {"executed_lines": [69, 70, 71, 72], "summary": {"covered_lines": 4, "num_statements": 4, "percent_covered": 100.0, "percent_covered_display": "100", "missing_lines": 0, "excluded_lines": 0}, "missing_lines": [], "excluded_lines": []}, "offsets": {"executed_lines": [78, 79], "summary": {"covered_lines": 2, "num_statements": 2, "percent_covered": 100.0, "percent_covered_display": "100", "missing_lines": 0, "excluded_lines": 0}, "missing_lines": [], "excluded_lines": []}, "circle": {"executed_lines": [85], "summary": {"covered_lines": 1, "num_statements": 1, "percent_covered": 100.0, "percent_covered_display": "100", "missing_lines": 0, "excluded_lines": 0}, "missing_lines": [], "excluded_lines": []}, "intersections": {"executed_lines": [91], "summary": {"covered_lines": 1, "num_statements": 1, "percent_covered": 100.0, "percent_covered_display": "100", "missing_lines": 0, "excluded_lines": 0}, "missing_lines": [], "excluded_lines": []}, "implants": {"executed_lines": [97, 98], "summary": {"covered_lines": 2, "num_statements": 2, "percent_covered": 100.0, "percent_covered_display": "100", "missing_lines": 0, "excluded_lines": 0}, "missing_lines": [], "excluded_lines": []}, "resection": {"executed_lines": [104, 105], "summary": {"covered_lines": 2, "num_statements": 2, "percent_covered": 100.0, "percent_covered_display": "100", "missing_lines": 0, "excluded_lines": 0}, "missing_lines": [], "excluded_lines": []}, "area": {"executed_lines": [111, 112, 113], "summary": {"covered_lines": 3, "num_statements": 3, "percent_covered": 100.0, "percent_covered_display": "100", "missing_lines": 0, "excluded_lines": 0}, "missing_lines": [], "excluded_lines": []}, "traverse": {"executed_lines": [119, 120, 121], "summary": {"covered_lines": 3, "num_statements": 3, "percent_covered": 100.0, "percent_covered_display": "100", "missing_lines": 0, "excluded_lines": 0}, "missing_lines": [], "excluded_lines": []}, "plotting": {"executed_lines": [127, 128], "summary": {"covered_lines": 2, "num_statements": 2, "percent_covered": 100.0, "percent_covered_display": "100", "missing_lines": 0, "excluded_lines": 0}, "missing_lines": [], "excluded_lines": []}, "plan": {"executed_lines": [134, 135, 136], "summary": {"covered_lines": 3, "num_statements": 3, "percent_covered": 100.0, "percent_covered_display": "100", "missing_lines": 0, "excluded_lines": 0}, "missing_lines": [], "excluded_lines": []}, "print_preview": {"executed_lines": [142, 143, 144, 145], "summary": {"covered_lines": 4, "num_statements": 4, "percent_covered": 100.0, "percent_covered_display": "100", "missing_lines": 0, "excluded_lines": 0}, "missing_lines": [], "excluded_lines": []}, "user_guide": {"executed_lines": [158, 159, 161, 162, 163, 165, 166, 167, 168, 169, 170, 171, 172, 173, 174, 175, 176, 177, 178, 179, 180, 182], "summary": {"covered_lines": 22, "num_statements": 24, "percent_covered": 91.66666666666667, "percent_covered_display": "92", "missing_lines": 2, "excluded_lines": 0}, "missing_lines": [183, 184], "excluded_lines": []}, "": {"executed_lines": [1, 5, 6, 7, 9, 12, 19, 27, 35, 36, 43, 44, 59, 60, 66, 67, 75, 76, 82, 83, 88, 89, 94, 95, 101, 102, 108, 109, 116, 117, 124, 125, 131, 132, 139, 140, 155, 156], "summary": {"covered_lines": 37, "num_statements": 37, "percent_covered": 100.0, "percent_covered_display": "100", "missing_lines": 0, "excluded_lines": 0}, "missing_lines": [], "excluded_lines": []}}, "classes": {"": {"executed_lines": [1, 5, 6, 7, 9, 12, 14, 15, 16, 19, 21, 22, 23, 24, 27, 29, 30, 31, 32, 35, 36, 38, 43, 44, 46, 47, 48, 49, 59, 60, 62, 63, 66, 67, 69, 70, 71, 72, 75, 76, 78, 79, 82, 83, 85, 88, 89, 91, 94, 95, 97, 98, 101, 102, 104, 105, 108, 109, 111, 112, 113, 116, 117, 119, 120, 121, 124, 125, 127, 128, 131, 132, 134, 135, 136, 139, 140, 142, 143, 144, 145, 155, 156, 158, 159, 161, 162, 163, 165, 166, 167, 168, 169, 170, 171, 172, 173, 174, 175, 176, 177, 178, 179, 180, 182], "summary": {"covered_lines": 104, "num_statements": 106, "percent_covered": 98.11320754716981, "percent_covered_display": "98", "missing_lines": 2, "excluded_lines": 0}, "missing_lines": [183, 184], "excluded_lines": []}}}, "app\\services\\__init__.py": {"executed_lines": [1, 4, 6], "summary": {"covered_lines": 2, "num_statements": 2, "percent_covered": 100.0, "percent_covered_display": "100", "missing_lines": 0, "excluded_lines": 0}, "missing_lines": [], "excluded_lines": [], "functions": {"": {"executed_lines": [1, 4, 6], "summary": {"covered_lines": 2, "num_statements": 2, "percent_covered": 100.0, "percent_covered_display": "100", "missing_lines": 0, "excluded_lines": 0}, "missing_lines": [], "excluded_lines": []}}, "classes": {"": {"executed_lines": [1, 4, 6], "summary": {"covered_lines": 2, "num_statements": 2, "percent_covered": 100.0, "percent_covered_display": "100", "missing_lines": 0, "excluded_lines": 0}, "missing_lines": [], "excluded_lines": []}}}, "app\\services\\calculator.py": {"executed_lines": [1, 6, 7, 8, 11, 12, 13, 14, 15, 17, 18, 21, 22, 23, 24, 25, 26, 28, 29, 32, 33, 34, 35, 36, 37, 38, 39, 40, 43, 44, 45, 48, 49, 54, 55, 61, 62, 64, 66, 67, 69, 71, 72, 83, 84, 85, 86, 92, 93, 104, 105, 107, 108, 110, 111, 112, 113, 115, 117, 118, 128, 129, 131, 132, 134, 135, 136, 137, 138, 140, 146, 147, 158, 159, 160, 162, 163, 176, 177, 179, 180, 182, 183, 185, 187, 188, 189, 190, 192, 193, 195, 201, 202, 218, 219, 221, 222, 224, 225, 227, 229, 230, 247, 248, 249, 251, 252, 254, 255, 257, 258, 260, 261, 263, 264, 266, 268, 269, 285, 286, 288, 289, 291, 292, 293, 295, 297, 298, 300, 301, 303, 304, 306, 312, 313, 330, 331, 333, 335, 336, 337, 339, 340, 342, 343, 344, 346, 348, 350, 352, 353, 354, 355, 356, 357, 359, 360, 362, 364, 365, 367, 368, 370, 371, 372, 374, 375, 377, 378, 385, 387, 388, 389, 390, 391, 397, 399, 400, 401, 402, 403, 409, 411, 412, 414, 422, 428, 429, 445, 446, 447, 448, 450, 452, 453, 455, 456, 458, 460, 461, 463, 464, 481, 482, 483, 485, 486, 488, 489, 491, 492, 494, 495, 497, 498, 500, 501, 503, 509, 510, 525, 526, 527, 529, 531, 532, 534, 538, 542, 546, 552, 553, 572, 573, 575, 577, 578, 580, 581, 583, 584, 585, 587, 588, 590, 596, 597, 614, 616, 617, 618, 619, 620, 622, 628, 629, 646, 647, 649, 651, 652, 654, 655, 657, 658, 659, 661, 662, 664, 665, 667, 668, 669, 671, 673, 674, 676, 678, 679, 681, 692, 694, 707, 708, 710, 712, 713, 715, 716, 717], "summary": {"covered_lines": 274, "num_statements": 274, "percent_covered": 100.0, "percent_covered_display": "100", "missing_lines": 0, "excluded_lines": 0}, "missing_lines": [], "excluded_lines": [], "functions": {"Point2D.to_dict": {"executed_lines": [18], "summary": {"covered_lines": 1, "num_statements": 1, "percent_covered": 100.0, "percent_covered_display": "100", "missing_lines": 0, "excluded_lines": 0}, "missing_lines": [], "excluded_lines": []}, "Point3D.to_dict": {"executed_lines": [29], "summary": {"covered_lines": 1, "num_statements": 1, "percent_covered": 100.0, "percent_covered_display": "100", "missing_lines": 0, "excluded_lines": 0}, "missing_lines": [], "excluded_lines": []}, "CalculatorService.grads_to_radians": {"executed_lines": [64], "summary": {"covered_lines": 1, "num_statements": 1, "percent_covered": 100.0, "percent_covered_display": "100", "missing_lines": 0, "excluded_lines": 0}, "missing_lines": [], "excluded_lines": []}, "CalculatorService.radians_to_grads": {"executed_lines": [69], "summary": {"covered_lines": 1, "num_statements": 1, "percent_covered": 100.0, "percent_covered_display": "100", "missing_lines": 0, "excluded_lines": 0}, "missing_lines": [], "excluded_lines": []}, "CalculatorService.polar_to_cartesian": {"executed_lines": [83, 84, 85, 86], "summary": {"covered_lines": 4, "num_statements": 4, "percent_covered": 100.0, "percent_covered_display": "100", "missing_lines": 0, "excluded_lines": 0}, "missing_lines": [], "excluded_lines": []}, "CalculatorService.calculate_area": {"executed_lines": [104, 105, 107, 108, 110, 111, 112, 113, 115], "summary": {"covered_lines": 9, "num_statements": 9, "percent_covered": 100.0, "percent_covered_display": "100", "missing_lines": 0, "excluded_lines": 0}, "missing_lines": [], "excluded_lines": []}, "CalculatorService.calculate_perimeter": {"executed_lines": [128, 129, 131, 132, 134, 135, 136, 137, 138, 140], "summary": {"covered_lines": 10, "num_statements": 10, "percent_covered": 100.0, "percent_covered_display": "100", "missing_lines": 0, "excluded_lines": 0}, "missing_lines": [], "excluded_lines": []}, "CalculatorService.calculate_distance": {"executed_lines": [158, 159, 160], "summary": {"covered_lines": 3, "num_statements": 3, "percent_covered": 100.0, "percent_covered_display": "100", "missing_lines": 0, "excluded_lines": 0}, "missing_lines": [], "excluded_lines": []}, "CalculatorService.calculate_azimuth": {"executed_lines": [176, 177, 179, 180, 182, 183, 185, 187, 188, 189, 190, 192, 193, 195], "summary": {"covered_lines": 14, "num_statements": 14, "percent_covered": 100.0, "percent_covered_display": "100", "missing_lines": 0, "excluded_lines": 0}, "missing_lines": [], "excluded_lines": []}, "CalculatorService.intersection_two_lines": {"executed_lines": [218, 219, 221, 222, 224, 225, 227], "summary": {"covered_lines": 7, "num_statements": 7, "percent_covered": 100.0, "percent_covered_display": "100", "missing_lines": 0, "excluded_lines": 0}, "missing_lines": [], "excluded_lines": []}, "CalculatorService.intersection_two_distances": {"executed_lines": [247, 248, 249, 251, 252, 254, 255, 257, 258, 260, 261, 263, 264, 266], "summary": {"covered_lines": 14, "num_statements": 14, "percent_covered": 100.0, "percent_covered_display": "100", "missing_lines": 0, "excluded_lines": 0}, "missing_lines": [], "excluded_lines": []}, "CalculatorService.intersection_line_distance": {"executed_lines": [285, 286, 288, 289, 291, 292, 293, 295, 297, 298, 300, 301, 303, 304, 306], "summary": {"covered_lines": 15, "num_statements": 15, "percent_covered": 100.0, "percent_covered_display": "100", "missing_lines": 0, "excluded_lines": 0}, "missing_lines": [], "excluded_lines": []}, "CalculatorService.interpolate_points": {"executed_lines": [330, 331, 333, 335, 336, 337, 339, 340, 342, 343, 344, 346, 348, 350, 352, 353, 354, 355, 356, 357, 359, 360, 362, 364, 365, 367, 368, 370, 371, 372, 374, 375, 377, 378, 385, 387, 388, 389, 390, 391, 397, 399, 400, 401, 402, 403, 409, 411, 412, 414, 422], "summary": {"covered_lines": 51, "num_statements": 51, "percent_covered": 100.0, "percent_covered_display": "100", "missing_lines": 0, "excluded_lines": 0}, "missing_lines": [], "excluded_lines": []}, "CalculatorService.resection_3point": {"executed_lines": [445, 446, 447, 448, 450, 452, 453, 455, 456, 458, 460, 461], "summary": {"covered_lines": 12, "num_statements": 12, "percent_covered": 100.0, "percent_covered_display": "100", "missing_lines": 0, "excluded_lines": 0}, "missing_lines": [], "excluded_lines": []}, "CalculatorService.resection_2point": {"executed_lines": [481, 482, 483, 485, 486, 488, 489, 491, 492, 494, 495, 497, 498, 500, 501, 503], "summary": {"covered_lines": 16, "num_statements": 16, "percent_covered": 100.0, "percent_covered_display": "100", "missing_lines": 0, "excluded_lines": 0}, "missing_lines": [], "excluded_lines": []}, "CalculatorService.circle_center_3points": {"executed_lines": [525, 526, 527, 529, 531, 532, 534, 538, 542, 546], "summary": {"covered_lines": 10, "num_statements": 10, "percent_covered": 100.0, "percent_covered_display": "100", "missing_lines": 0, "excluded_lines": 0}, "missing_lines": [], "excluded_lines": []}, "CalculatorService.calculate_offset_point": {"executed_lines": [572, 573, 575, 577, 578, 580, 581, 583, 584, 585, 587, 588, 590], "summary": {"covered_lines": 13, "num_statements": 13, "percent_covered": 100.0, "percent_covered_display": "100", "missing_lines": 0, "excluded_lines": 0}, "missing_lines": [], "excluded_lines": []}, "CalculatorService.get_free_numbers": {"executed_lines": [614, 616, 617, 618, 619, 620, 622], "summary": {"covered_lines": 7, "num_statements": 7, "percent_covered": 100.0, "percent_covered_display": "100", "missing_lines": 0, "excluded_lines": 0}, "missing_lines": [], "excluded_lines": []}, "CalculatorService.bowditch_traverse": {"executed_lines": [646, 647, 649, 651, 652, 654, 655, 657, 658, 659, 661, 662, 664, 665, 667, 668, 669, 671, 673, 674, 676, 678, 679, 681, 692, 694], "summary": {"covered_lines": 26, "num_statements": 26, "percent_covered": 100.0, "percent_covered_display": "100", "missing_lines": 0, "excluded_lines": 0}, "missing_lines": [], "excluded_lines": []}, "CalculatorService.format_coordinate": {"executed_lines": [710], "summary": {"covered_lines": 1, "num_statements": 1, "percent_covered": 100.0, "percent_covered_display": "100", "missing_lines": 0, "excluded_lines": 0}, "missing_lines": [], "excluded_lines": []}, "CalculatorService.format_angle": {"executed_lines": [715, 716, 717], "summary": {"covered_lines": 3, "num_statements": 3, "percent_covered": 100.0, "percent_covered_display": "100", "missing_lines": 0, "excluded_lines": 0}, "missing_lines": [], "excluded_lines": []}, "": {"executed_lines": [1, 6, 7, 8, 11, 12, 13, 14, 15, 17, 21, 22, 23, 24, 25, 26, 28, 32, 33, 34, 35, 36, 37, 38, 39, 40, 43, 44, 45, 48, 49, 54, 55, 61, 62, 66, 67, 71, 72, 92, 93, 117, 118, 146, 147, 162, 163, 201, 202, 229, 230, 268, 269, 312, 313, 428, 429, 463, 464, 509, 510, 552, 553, 596, 597, 628, 629, 707, 708, 712, 713], "summary": {"covered_lines": 55, "num_statements": 55, "percent_covered": 100.0, "percent_covered_display": "100", "missing_lines": 0, "excluded_lines": 0}, "missing_lines": [], "excluded_lines": []}}, "classes": {"Point2D": {"executed_lines": [18], "summary": {"covered_lines": 1, "num_statements": 1, "percent_covered": 100.0, "percent_covered_display": "100", "missing_lines": 0, "excluded_lines": 0}, "missing_lines": [], "excluded_lines": []}, "Point3D": {"executed_lines": [29], "summary": {"covered_lines": 1, "num_statements": 1, "percent_covered": 100.0, "percent_covered_display": "100", "missing_lines": 0, "excluded_lines": 0}, "missing_lines": [], "excluded_lines": []}, "TraverseResult": {"executed_lines": [], "summary": {"covered_lines": 0, "num_statements": 0, "percent_covered": 100.0, "percent_covered_display": "100", "missing_lines": 0, "excluded_lines": 0}, "missing_lines": [], "excluded_lines": []}, "SurveyingError": {"executed_lines": [], "summary": {"covered_lines": 0, "num_statements": 0, "percent_covered": 100.0, "percent_covered_display": "100", "missing_lines": 0, "excluded_lines": 0}, "missing_lines": [], "excluded_lines": []}, "CalculatorService": {"executed_lines": [64, 69, 83, 84, 85, 86, 104, 105, 107, 108, 110, 111, 112, 113, 115, 128, 129, 131, 132, 134, 135, 136, 137, 138, 140, 158, 159, 160, 176, 177, 179, 180, 182, 183, 185, 187, 188, 189, 190, 192, 193, 195, 218, 219, 221, 222, 224, 225, 227, 247, 248, 249, 251, 252, 254, 255, 257, 258, 260, 261, 263, 264, 266, 285, 286, 288, 289, 291, 292, 293, 295, 297, 298, 300, 301, 303, 304, 306, 330, 331, 333, 335, 336, 337, 339, 340, 342, 343, 344, 346, 348, 350, 352, 353, 354, 355, 356, 357, 359, 360, 362, 364, 365, 367, 368, 370, 371, 372, 374, 375, 377, 378, 385, 387, 388, 389, 390, 391, 397, 399, 400, 401, 402, 403, 409, 411, 412, 414, 422, 445, 446, 447, 448, 450, 452, 453, 455, 456, 458, 460, 461, 481, 482, 483, 485, 486, 488, 489, 491, 492, 494, 495, 497, 498, 500, 501, 503, 525, 526, 527, 529, 531, 532, 534, 538, 542, 546, 572, 573, 575, 577, 578, 580, 581, 583, 584, 585, 587, 588, 590, 614, 616, 617, 618, 619, 620, 622, 646, 647, 649, 651, 652, 654, 655, 657, 658, 659, 661, 662, 664, 665, 667, 668, 669, 671, 673, 674, 676, 678, 679, 681, 692, 694, 710, 715, 716, 717], "summary": {"covered_lines": 217, "num_statements": 217, "percent_covered": 100.0, "percent_covered_display": "100", "missing_lines": 0, "excluded_lines": 0}, "missing_lines": [], "excluded_lines": []}, "": {"executed_lines": [1, 6, 7, 8, 11, 12, 13, 14, 15, 17, 21, 22, 23, 24, 25, 26, 28, 32, 33, 34, 35, 36, 37, 38, 39, 40, 43, 44, 45, 48, 49, 54, 55, 61, 62, 66, 67, 71, 72, 92, 93, 117, 118, 146, 147, 162, 163, 201, 202, 229, 230, 268, 269, 312, 313, 428, 429, 463, 464, 509, 510, 552, 553, 596, 597, 628, 629, 707, 708, 712, 713], "summary": {"covered_lines": 55, "num_statements": 55, "percent_covered": 100.0, "percent_covered_display": "100", "missing_lines": 0, "excluded_lines": 0}, "missing_lines": [], "excluded_lines": []}}}}, "totals": {"covered_lines": 897, "num_statements": 947, "percent_covered": 94.72016895459345, "percent_covered_display": "95", "missing_lines": 50, "excluded_lines": 0}}